[21-Oct-2024 12:44:13 UTC] PHP Deprecated:  Creation of dynamic property acf_field_text::$label is deprecated in /opt/lampp/htdocs/elkiigolki/wp-content/plugins/advanced-custom-fields/core/fields/text.php on line 19
[21-Oct-2024 12:44:13 UTC] PHP Deprecated:  Creation of dynamic property acf_field_textarea::$label is deprecated in /opt/lampp/htdocs/elkiigolki/wp-content/plugins/advanced-custom-fields/core/fields/textarea.php on line 19
[21-Oct-2024 12:44:13 UTC] PHP Deprecated:  Creation of dynamic property acf_field_number::$label is deprecated in /opt/lampp/htdocs/elkiigolki/wp-content/plugins/advanced-custom-fields/core/fields/number.php on line 19
[21-Oct-2024 12:44:13 UTC] PHP Deprecated:  Creation of dynamic property acf_field_email::$label is deprecated in /opt/lampp/htdocs/elkiigolki/wp-content/plugins/advanced-custom-fields/core/fields/email.php on line 19
[21-Oct-2024 12:44:13 UTC] PHP Deprecated:  Creation of dynamic property acf_field_password::$label is deprecated in /opt/lampp/htdocs/elkiigolki/wp-content/plugins/advanced-custom-fields/core/fields/password.php on line 19
[21-Oct-2024 12:44:13 UTC] PHP Deprecated:  Creation of dynamic property acf_field_wysiwyg::$label is deprecated in /opt/lampp/htdocs/elkiigolki/wp-content/plugins/advanced-custom-fields/core/fields/wysiwyg.php on line 19
[21-Oct-2024 12:44:13 UTC] PHP Deprecated:  Creation of dynamic property acf_field_image::$label is deprecated in /opt/lampp/htdocs/elkiigolki/wp-content/plugins/advanced-custom-fields/core/fields/image.php on line 19
[21-Oct-2024 12:44:13 UTC] PHP Deprecated:  Creation of dynamic property acf_field_file::$label is deprecated in /opt/lampp/htdocs/elkiigolki/wp-content/plugins/advanced-custom-fields/core/fields/file.php on line 19
[21-Oct-2024 12:44:13 UTC] PHP Deprecated:  Creation of dynamic property acf_field_select::$label is deprecated in /opt/lampp/htdocs/elkiigolki/wp-content/plugins/advanced-custom-fields/core/fields/select.php on line 18
[21-Oct-2024 12:44:13 UTC] PHP Deprecated:  Creation of dynamic property acf_field_checkbox::$label is deprecated in /opt/lampp/htdocs/elkiigolki/wp-content/plugins/advanced-custom-fields/core/fields/checkbox.php on line 19
[21-Oct-2024 12:44:13 UTC] PHP Deprecated:  Creation of dynamic property acf_field_radio::$label is deprecated in /opt/lampp/htdocs/elkiigolki/wp-content/plugins/advanced-custom-fields/core/fields/radio.php on line 18
[21-Oct-2024 12:44:13 UTC] PHP Deprecated:  Creation of dynamic property acf_field_true_false::$label is deprecated in /opt/lampp/htdocs/elkiigolki/wp-content/plugins/advanced-custom-fields/core/fields/true_false.php on line 19
[21-Oct-2024 12:44:13 UTC] PHP Deprecated:  Creation of dynamic property acf_field_page_link::$label is deprecated in /opt/lampp/htdocs/elkiigolki/wp-content/plugins/advanced-custom-fields/core/fields/page_link.php on line 18
[21-Oct-2024 12:44:13 UTC] PHP Deprecated:  Creation of dynamic property acf_field_post_object::$label is deprecated in /opt/lampp/htdocs/elkiigolki/wp-content/plugins/advanced-custom-fields/core/fields/post_object.php on line 18
[21-Oct-2024 12:44:13 UTC] PHP Deprecated:  Creation of dynamic property acf_field_relationship::$label is deprecated in /opt/lampp/htdocs/elkiigolki/wp-content/plugins/advanced-custom-fields/core/fields/relationship.php on line 18
[21-Oct-2024 12:44:13 UTC] PHP Deprecated:  Creation of dynamic property acf_field_taxonomy::$label is deprecated in /opt/lampp/htdocs/elkiigolki/wp-content/plugins/advanced-custom-fields/core/fields/taxonomy.php on line 18
[21-Oct-2024 12:44:13 UTC] PHP Deprecated:  Creation of dynamic property acf_field_user::$label is deprecated in /opt/lampp/htdocs/elkiigolki/wp-content/plugins/advanced-custom-fields/core/fields/user.php on line 18
[21-Oct-2024 12:44:13 UTC] PHP Deprecated:  Creation of dynamic property acf_field_google_map::$label is deprecated in /opt/lampp/htdocs/elkiigolki/wp-content/plugins/advanced-custom-fields/core/fields/google-map.php on line 18
[21-Oct-2024 12:44:13 UTC] PHP Deprecated:  Creation of dynamic property acf_field_google_map::$default_values is deprecated in /opt/lampp/htdocs/elkiigolki/wp-content/plugins/advanced-custom-fields/core/fields/google-map.php on line 26
[21-Oct-2024 12:44:13 UTC] PHP Deprecated:  Creation of dynamic property acf_field_date_picker::$label is deprecated in /opt/lampp/htdocs/elkiigolki/wp-content/plugins/advanced-custom-fields/core/fields/date_picker/date_picker.php on line 19
[21-Oct-2024 12:44:13 UTC] PHP Deprecated:  Creation of dynamic property acf_field_color_picker::$label is deprecated in /opt/lampp/htdocs/elkiigolki/wp-content/plugins/advanced-custom-fields/core/fields/color_picker.php on line 19
[21-Oct-2024 12:44:13 UTC] PHP Deprecated:  Creation of dynamic property acf_field_message::$label is deprecated in /opt/lampp/htdocs/elkiigolki/wp-content/plugins/advanced-custom-fields/core/fields/message.php on line 19
[21-Oct-2024 12:44:13 UTC] PHP Deprecated:  Creation of dynamic property acf_field_tab::$label is deprecated in /opt/lampp/htdocs/elkiigolki/wp-content/plugins/advanced-custom-fields/core/fields/tab.php on line 19
[21-Oct-2024 12:44:13 UTC] PHP Deprecated:  Return type of WPCF7_FormTag::offsetExists($offset) should either be compatible with ArrayAccess::offsetExists(mixed $offset): bool, or the #[\ReturnTypeWillChange] attribute should be used to temporarily suppress the notice in /opt/lampp/htdocs/elkiigolki/wp-content/plugins/contact-form-7/includes/form-tag.php on line 339
[21-Oct-2024 12:44:13 UTC] PHP Deprecated:  Return type of WPCF7_FormTag::offsetGet($offset) should either be compatible with ArrayAccess::offsetGet(mixed $offset): mixed, or the #[\ReturnTypeWillChange] attribute should be used to temporarily suppress the notice in /opt/lampp/htdocs/elkiigolki/wp-content/plugins/contact-form-7/includes/form-tag.php on line 331
[21-Oct-2024 12:44:13 UTC] PHP Deprecated:  Return type of WPCF7_FormTag::offsetSet($offset, $value) should either be compatible with ArrayAccess::offsetSet(mixed $offset, mixed $value): void, or the #[\ReturnTypeWillChange] attribute should be used to temporarily suppress the notice in /opt/lampp/htdocs/elkiigolki/wp-content/plugins/contact-form-7/includes/form-tag.php on line 325
[21-Oct-2024 12:44:13 UTC] PHP Deprecated:  Return type of WPCF7_FormTag::offsetUnset($offset) should either be compatible with ArrayAccess::offsetUnset(mixed $offset): void, or the #[\ReturnTypeWillChange] attribute should be used to temporarily suppress the notice in /opt/lampp/htdocs/elkiigolki/wp-content/plugins/contact-form-7/includes/form-tag.php on line 343
[21-Oct-2024 12:44:13 UTC] PHP Deprecated:  Using ${var} in strings is deprecated, use {$var} instead in /opt/lampp/htdocs/elkiigolki/wp-content/plugins/contact-form-7/includes/mail.php on line 161
[21-Oct-2024 12:44:13 UTC] PHP Deprecated:  Creation of dynamic property acf_field_repeater::$label is deprecated in /opt/lampp/htdocs/elkiigolki/wp-content/plugins/acf-repeater/4/repeater.php on line 22
[21-Oct-2024 12:44:13 UTC] PHP Deprecated:  Creation of dynamic property acf_field_text::$label is deprecated in /opt/lampp/htdocs/elkiigolki/wp-content/plugins/advanced-custom-fields/core/fields/text.php on line 19
[21-Oct-2024 12:44:13 UTC] PHP Deprecated:  Creation of dynamic property acf_field_textarea::$label is deprecated in /opt/lampp/htdocs/elkiigolki/wp-content/plugins/advanced-custom-fields/core/fields/textarea.php on line 19
[21-Oct-2024 12:44:13 UTC] PHP Deprecated:  Creation of dynamic property acf_field_number::$label is deprecated in /opt/lampp/htdocs/elkiigolki/wp-content/plugins/advanced-custom-fields/core/fields/number.php on line 19
[21-Oct-2024 12:44:13 UTC] PHP Deprecated:  Creation of dynamic property acf_field_email::$label is deprecated in /opt/lampp/htdocs/elkiigolki/wp-content/plugins/advanced-custom-fields/core/fields/email.php on line 19
[21-Oct-2024 12:44:13 UTC] PHP Deprecated:  Creation of dynamic property acf_field_password::$label is deprecated in /opt/lampp/htdocs/elkiigolki/wp-content/plugins/advanced-custom-fields/core/fields/password.php on line 19
[21-Oct-2024 12:44:13 UTC] PHP Deprecated:  Creation of dynamic property acf_field_wysiwyg::$label is deprecated in /opt/lampp/htdocs/elkiigolki/wp-content/plugins/advanced-custom-fields/core/fields/wysiwyg.php on line 19
[21-Oct-2024 12:44:13 UTC] PHP Deprecated:  Creation of dynamic property acf_field_image::$label is deprecated in /opt/lampp/htdocs/elkiigolki/wp-content/plugins/advanced-custom-fields/core/fields/image.php on line 19
[21-Oct-2024 12:44:13 UTC] PHP Deprecated:  Creation of dynamic property acf_field_file::$label is deprecated in /opt/lampp/htdocs/elkiigolki/wp-content/plugins/advanced-custom-fields/core/fields/file.php on line 19
[21-Oct-2024 12:44:13 UTC] PHP Deprecated:  Creation of dynamic property acf_field_select::$label is deprecated in /opt/lampp/htdocs/elkiigolki/wp-content/plugins/advanced-custom-fields/core/fields/select.php on line 18
[21-Oct-2024 12:44:13 UTC] PHP Deprecated:  Creation of dynamic property acf_field_checkbox::$label is deprecated in /opt/lampp/htdocs/elkiigolki/wp-content/plugins/advanced-custom-fields/core/fields/checkbox.php on line 19
[21-Oct-2024 12:44:13 UTC] PHP Deprecated:  Creation of dynamic property acf_field_radio::$label is deprecated in /opt/lampp/htdocs/elkiigolki/wp-content/plugins/advanced-custom-fields/core/fields/radio.php on line 18
[21-Oct-2024 12:44:13 UTC] PHP Deprecated:  Creation of dynamic property acf_field_true_false::$label is deprecated in /opt/lampp/htdocs/elkiigolki/wp-content/plugins/advanced-custom-fields/core/fields/true_false.php on line 19
[21-Oct-2024 12:44:13 UTC] PHP Deprecated:  Creation of dynamic property acf_field_page_link::$label is deprecated in /opt/lampp/htdocs/elkiigolki/wp-content/plugins/advanced-custom-fields/core/fields/page_link.php on line 18
[21-Oct-2024 12:44:13 UTC] PHP Deprecated:  Creation of dynamic property acf_field_post_object::$label is deprecated in /opt/lampp/htdocs/elkiigolki/wp-content/plugins/advanced-custom-fields/core/fields/post_object.php on line 18
[21-Oct-2024 12:44:13 UTC] PHP Deprecated:  Creation of dynamic property acf_field_relationship::$label is deprecated in /opt/lampp/htdocs/elkiigolki/wp-content/plugins/advanced-custom-fields/core/fields/relationship.php on line 18
[21-Oct-2024 12:44:13 UTC] PHP Deprecated:  Creation of dynamic property acf_field_taxonomy::$label is deprecated in /opt/lampp/htdocs/elkiigolki/wp-content/plugins/advanced-custom-fields/core/fields/taxonomy.php on line 18
[21-Oct-2024 12:44:13 UTC] PHP Deprecated:  Creation of dynamic property acf_field_user::$label is deprecated in /opt/lampp/htdocs/elkiigolki/wp-content/plugins/advanced-custom-fields/core/fields/user.php on line 18
[21-Oct-2024 12:44:13 UTC] PHP Deprecated:  Creation of dynamic property acf_field_google_map::$label is deprecated in /opt/lampp/htdocs/elkiigolki/wp-content/plugins/advanced-custom-fields/core/fields/google-map.php on line 18
[21-Oct-2024 12:44:13 UTC] PHP Deprecated:  Creation of dynamic property acf_field_google_map::$default_values is deprecated in /opt/lampp/htdocs/elkiigolki/wp-content/plugins/advanced-custom-fields/core/fields/google-map.php on line 26
[21-Oct-2024 12:44:13 UTC] PHP Deprecated:  Creation of dynamic property acf_field_date_picker::$label is deprecated in /opt/lampp/htdocs/elkiigolki/wp-content/plugins/advanced-custom-fields/core/fields/date_picker/date_picker.php on line 19
[21-Oct-2024 12:44:13 UTC] PHP Deprecated:  Creation of dynamic property acf_field_color_picker::$label is deprecated in /opt/lampp/htdocs/elkiigolki/wp-content/plugins/advanced-custom-fields/core/fields/color_picker.php on line 19
[21-Oct-2024 12:44:13 UTC] PHP Deprecated:  Creation of dynamic property acf_field_message::$label is deprecated in /opt/lampp/htdocs/elkiigolki/wp-content/plugins/advanced-custom-fields/core/fields/message.php on line 19
[21-Oct-2024 12:44:13 UTC] PHP Deprecated:  Creation of dynamic property acf_field_tab::$label is deprecated in /opt/lampp/htdocs/elkiigolki/wp-content/plugins/advanced-custom-fields/core/fields/tab.php on line 19
[21-Oct-2024 12:44:13 UTC] PHP Deprecated:  Return type of WPCF7_FormTag::offsetExists($offset) should either be compatible with ArrayAccess::offsetExists(mixed $offset): bool, or the #[\ReturnTypeWillChange] attribute should be used to temporarily suppress the notice in /opt/lampp/htdocs/elkiigolki/wp-content/plugins/contact-form-7/includes/form-tag.php on line 339
[21-Oct-2024 12:44:13 UTC] PHP Deprecated:  Return type of WPCF7_FormTag::offsetGet($offset) should either be compatible with ArrayAccess::offsetGet(mixed $offset): mixed, or the #[\ReturnTypeWillChange] attribute should be used to temporarily suppress the notice in /opt/lampp/htdocs/elkiigolki/wp-content/plugins/contact-form-7/includes/form-tag.php on line 331
[21-Oct-2024 12:44:13 UTC] PHP Deprecated:  Return type of WPCF7_FormTag::offsetSet($offset, $value) should either be compatible with ArrayAccess::offsetSet(mixed $offset, mixed $value): void, or the #[\ReturnTypeWillChange] attribute should be used to temporarily suppress the notice in /opt/lampp/htdocs/elkiigolki/wp-content/plugins/contact-form-7/includes/form-tag.php on line 325
[21-Oct-2024 12:44:13 UTC] PHP Deprecated:  Return type of WPCF7_FormTag::offsetUnset($offset) should either be compatible with ArrayAccess::offsetUnset(mixed $offset): void, or the #[\ReturnTypeWillChange] attribute should be used to temporarily suppress the notice in /opt/lampp/htdocs/elkiigolki/wp-content/plugins/contact-form-7/includes/form-tag.php on line 343
[21-Oct-2024 12:44:13 UTC] PHP Deprecated:  Using ${var} in strings is deprecated, use {$var} instead in /opt/lampp/htdocs/elkiigolki/wp-content/plugins/contact-form-7/includes/mail.php on line 161
[21-Oct-2024 12:44:13 UTC] PHP Deprecated:  Creation of dynamic property acf_field_repeater::$label is deprecated in /opt/lampp/htdocs/elkiigolki/wp-content/plugins/acf-repeater/4/repeater.php on line 22
[21-Oct-2024 12:44:14 UTC] PHP Notice:  Функция is_main_query вызвана <strong>неправильно</strong>. В <code>pre_get_posts</code> используйте метод <code>WP_Query-&gt;is_main_query()</code> вместо функции <code>is_main_query()</code>. См. https://developer.wordpress.org/reference/functions/is_main_query/. Дополнительную информацию можно найти на странице <a href="https://developer.wordpress.org/advanced-administration/debug/debug-wordpress/">&laquo;Отладка в WordPress&raquo;</a>. (Это сообщение было добавлено в версии 3.7.0.) in /opt/lampp/htdocs/elkiigolki/wp-includes/functions.php on line 6085
[21-Oct-2024 12:44:14 UTC] PHP Notice:  Функция is_main_query вызвана <strong>неправильно</strong>. В <code>pre_get_posts</code> используйте метод <code>WP_Query-&gt;is_main_query()</code> вместо функции <code>is_main_query()</code>. См. https://developer.wordpress.org/reference/functions/is_main_query/. Дополнительную информацию можно найти на странице <a href="https://developer.wordpress.org/advanced-administration/debug/debug-wordpress/">&laquo;Отладка в WordPress&raquo;</a>. (Это сообщение было добавлено в версии 3.7.0.) in /opt/lampp/htdocs/elkiigolki/wp-includes/functions.php on line 6085
[21-Oct-2024 12:44:14 UTC] PHP Notice:  Функция is_main_query вызвана <strong>неправильно</strong>. В <code>pre_get_posts</code> используйте метод <code>WP_Query-&gt;is_main_query()</code> вместо функции <code>is_main_query()</code>. См. https://developer.wordpress.org/reference/functions/is_main_query/. Дополнительную информацию можно найти на странице <a href="https://developer.wordpress.org/advanced-administration/debug/debug-wordpress/">&laquo;Отладка в WordPress&raquo;</a>. (Это сообщение было добавлено в версии 3.7.0.) in /opt/lampp/htdocs/elkiigolki/wp-includes/functions.php on line 6085
[21-Oct-2024 12:44:14 UTC] Automatic updates starting...
[21-Oct-2024 12:44:15 UTC]   Automatic plugin updates starting...
[21-Oct-2024 12:44:15 UTC]   Automatic plugin updates complete.
[21-Oct-2024 12:44:15 UTC] Automatic updates complete.
